[    -472ms] [ERROR] Failed to load resource: net::ERR_TRUST_TOKEN_OPERATION_FAILED @ https://www.amazon.com/tt/i:0
[     428ms] [LOG] nothing to redirect @ https://www.vons.com/etc.clientlibs/wcax-core/clientlibs/clientlib-unified-onload.min.f9ea08c5ace33771345d4cabcd506a8c.js:187
[     503ms] [WARNING] Wine Shop Enabled @ https://www.vons.com/etc.clientlibs/wcax-core/clientlibs/clientlib-unified-onload.min.f9ea08c5ace33771345d4cabcd506a8c.js:31
[     537ms] [WARNING] +++++++++++++Deleting Targeting Cookies +++++++++++++++++ @ :1
[     540ms] [WARNING] +++++++++++++Deleting Analytics Cookies +++++++++++++++++ @ :1
[     768ms] [ERROR] Failed to load resource: the server responded with a status of 404 () @ https://ciam.albertsons.com/api/v1/sessions/me/lifecycle/refresh:0
[     903ms] [WARNING] [TEMP DO NOT DELETE] THis is to check the value if data-success-email-checkbox-label is coming or component is triggering  Email me offers, surveys, and special promotions. @ https://www.vons.com/etc.clientlibs/wcax-microapps/clientlib.angular_v2/clientlib-angular-home.min.93e8ce06d8a6a62290bbb6f1c8f3b756.js:0
[     908ms] [WARNING] [TEMP DO NOT DELETE] THis is to check the value if data-success-email-checkbox-label is coming or component is triggering  Email me offers, surveys, and special promotions. @ https://www.vons.com/etc.clientlibs/wcax-microapps/clientlib.angular_v2/clientlib-angular-home.min.93e8ce06d8a6a62290bbb6f1c8f3b756.js:0
[    1335ms] [WARNING] OptanonWrapper rendered from AEM @ https://www.vons.com/:102
[    1348ms] [WARNING] == GLOBAL FLAG NOT ON OR NOT AUTHORIZED @ https://www.vons.com/etc.clientlibs/wcax-core/clientlibs/clientlib-unified-header/vons.min.f2ba65def567317fb1deea3b1c90d7c7.js:1
[    1348ms] [WARNING] == AR FINAL FLAG IS SET false v2 @ https://www.vons.com/etc.clientlibs/wcax-core/clientlibs/clientlib-unified-header/vons.min.f2ba65def567317fb1deea3b1c90d7c7.js:1
[    1348ms] [WARNING] == AR FINAL FLAG IS SET false DISPATCHED THE EVENT @ https://www.vons.com/etc.clientlibs/wcax-core/clientlibs/clientlib-unified-header/vons.min.f2ba65def567317fb1deea3b1c90d7c7.js:1
[    1535ms] [WARNING] iHeart pixel started 57dedd45-ff41-4499-bcc9-bb8efbf626e5 @ :1
[    1535ms] [WARNING] iHeart  57dedd45-ff41-4499-bcc9-bb8efbf626e5 @ :1
[    1574ms] [WARNING] ANGULAR - dynamically invoking targeted wrapper for targeted framework @ https://www.vons.com/etc.clientlibs/wcax-microapps/clientlib.angular_v2/clientlib-angular-home.min.93e8ce06d8a6a62290bbb6f1c8f3b756.js:0
[    1575ms] [WARNING] ========> AB TESTING ====> target flag is not loaded @ https://www.vons.com/etc.clientlibs/wcax-microapps/clientlib.angular_v2/clientlib-angular-home.min.93e8ce06d8a6a62290bbb6f1c8f3b756.js:0
[    1636ms] [WARNING] ANGULAR - dynamically invoking targeted wrapper for targeted framework @ https://www.vons.com/etc.clientlibs/wcax-microapps/clientlib.angular_v2/clientlib-angular-home.min.93e8ce06d8a6a62290bbb6f1c8f3b756.js:0
[    1974ms] [WARNING] [Meta Pixel] - Removed parameters from custom data due to potential violations. Go to Events Manager to learn more. @ https://connect.facebook.net/en_US/fbevents.js:181
[    2006ms] [ERROR] Refused to execute script from 'https://data.adxcel-ec2.com/pixel/?ad_log=referer&action=misc&pixid=57dedd45-ff41-4499-bcc9-bb8efbf626e5' because its MIME type ('image/gif') is not executable. @ https://www.vons.com/:0
[    2676ms] [WARNING] gamcontainer_1492 Sending window size to GAM iframe: 1280 @ https://www.vons.com/etc.clientlibs/wcax-core/clientlibs/clientlib-unified-header/vons.min.f2ba65def567317fb1deea3b1c90d7c7.js:0
[    2676ms] [WARNING] https://99744c83c494e1e5b76f568fac2da2b8.safeframe.googlesyndication.com/safeframe/1-0-45/html/container.html Posting message to iframe at origin: {windowSize: 1280} @ https://www.vons.com/etc.clientlibs/wcax-core/clientlibs/clientlib-unified-header/vons.min.f2ba65def567317fb1deea3b1c90d7c7.js:0
[    2676ms] [ERROR] Attestation check for Shared Storage on https://www.googleadservices.com failed. @ https://www.googleadservices.com/pagead/managed/js/activeview/current/reach_worklet.html:0
[    2679ms] [WARNING] gamcontainer_27954 Sending window size to GAM iframe: 1280 @ https://www.vons.com/etc.clientlibs/wcax-core/clientlibs/clientlib-unified-header/vons.min.f2ba65def567317fb1deea3b1c90d7c7.js:0
[    2679ms] [WARNING] https://99744c83c494e1e5b76f568fac2da2b8.safeframe.googlesyndication.com/safeframe/1-0-45/html/container.html Posting message to iframe at origin: {windowSize: 1280} @ https://www.vons.com/etc.clientlibs/wcax-core/clientlibs/clientlib-unified-header/vons.min.f2ba65def567317fb1deea3b1c90d7c7.js:0
[    2679ms] [ERROR] Attestation check for Shared Storage on https://www.googleadservices.com failed. @ https://www.googleadservices.com/pagead/managed/js/activeview/current/reach_worklet.html:0
[    2680ms] [WARNING] gamcontainer_57763 Sending window size to GAM iframe: 1280 @ https://www.vons.com/etc.clientlibs/wcax-core/clientlibs/clientlib-unified-header/vons.min.f2ba65def567317fb1deea3b1c90d7c7.js:0
[    2680ms] [WARNING] https://99744c83c494e1e5b76f568fac2da2b8.safeframe.googlesyndication.com/safeframe/1-0-45/html/container.html Posting message to iframe at origin: {windowSize: 1280} @ https://www.vons.com/etc.clientlibs/wcax-core/clientlibs/clientlib-unified-header/vons.min.f2ba65def567317fb1deea3b1c90d7c7.js:0
[    2680ms] [ERROR] Attestation check for Shared Storage on https://www.googleadservices.com failed. @ https://www.googleadservices.com/pagead/managed/js/activeview/current/reach_worklet.html:0
[    2681ms] [ERROR] Attestation check for Shared Storage on https://www.googleadservices.com failed. @ https://www.googleadservices.com/pagead/managed/js/activeview/current/reach_worklet.html:0
[    2682ms] [WARNING] gamcontainer_12441 Sending window size to GAM iframe: 1280 @ https://www.vons.com/etc.clientlibs/wcax-core/clientlibs/clientlib-unified-header/vons.min.f2ba65def567317fb1deea3b1c90d7c7.js:0
[    2682ms] [WARNING] https://99744c83c494e1e5b76f568fac2da2b8.safeframe.googlesyndication.com/safeframe/1-0-45/html/container.html Posting message to iframe at origin: {windowSize: 1280} @ https://www.vons.com/etc.clientlibs/wcax-core/clientlibs/clientlib-unified-header/vons.min.f2ba65def567317fb1deea3b1c90d7c7.js:0
[    3222ms] [WARNING] test order details @ https://assets.adobedtm.com/launch-ENd8a7ca47a5e943c9915bbea04a4d1b05.min.js:22
[    3876ms] [ERROR] Failed to load resource: net::ERR_CERT_AUTHORITY_INVALID @ https://stats.safeway.com/b/ss/sfsafewayprod1/10/JS-2.27.0-LGPQ/s61652880784574?AQB=1&ndh=1&pf=1&callback=s_c_il[1].doPostbacks&et=1&t=18%2F3%2F2026%2017%3A3%3A4%206%20420&d.&nsid=0&jsonv=1&.d&mid=38126133654965470790438646925794969051&aamlh=9&ce=UTF-8&pageName=vons%3Aloyalty%3Ahome&g=https%3A%2F%2Fwww.vons.com%2F&c.&p_fo=3.0&apl=4.0&inList=3.0&getTimeParting=6.3&pt=3.0&getQueryParam=4.0&getVisitNum=4.2.1&endOfDatePeriod=1.2&getPreviousValue=3.0.1&getNewRepeat=3.0.1&.c&h.&architecture=arm&bitness=64&platformVersion=26.3.1&.h&cc=USD&ch=home&server=www.vons.com&zip=92110&events=event7%2Cevent77%2Cevent144%2Cevent120&aamb=6G1ynYcLPuiQxYZrsz_pkqfLG9yMXBpb2zX5dvJdYQJzPXImdj0y&c3=D%3Dv151&c4=New&v4=vons&v5=vons%3Aloyalty%3Ahome&c6=D%3Dv4&v6=no-value&v8=New&c9=17765569824101546917592f4471f81-5f91-4b7e-bddc-c3d91fa0f796&v9=92110&c10=intel-mac-os-x-10_15_7&v11=%2Fhome.html&v13=2053&v15=year%3D2026%20%7C%20month%3DApril%20%7C%20date%3D18%20%7C%20day%3DSaturday%20%7C%20time%3D5%3A03%20PM&c16=D%3Dv16&v16=guest&c19=D%3Dv11&c20=no-value&c21=D%3Dv35&v23=home&v26=no-value&v27=no-value&v28=no-value&v29=no-value&v30=no-value&v33=no-value&v34=no-value&v35=instore&c42=1&v46=id%20not%20found&v47=id%20not%20found&v48=no-value&c53=id%20not%20found&c54=no-value&c56=id%20not%20found&c57=no-value&c58=D%3Dv152&c59=D%3Dv153&c60=D%3Dv154&c69=no-value&v90=web&v92=g&v98=no-value&v99=prod&v100=no-value&v101=no-value&v151=home&v152=no-value&v153=no-value&v154=no-value&v170=no-value&v171=no-value&v180=no-value&v184=all%20pages%3A%20pageLoaded&v219=no-bot-flag&v222=11111111&v230=0&s=1280x720&c=24&j=1.6&v=N&k=Y&bw=1280&bh=720&mcorgid=A7BF3BC75245ADF20A490D4D%40AdobeOrg&AQE=1:0
