[     198ms] [LOG] nothing to redirect @ https://www.vons.com/etc.clientlibs/wcax-core/clientlibs/clientlib-unified-onload.min.f9ea08c5ace33771345d4cabcd506a8c.js:187
[     235ms] [WARNING] --------- Target deps ran ------ @ :7
[     279ms] [WARNING] [TEMP DO NOT DELETE] THis is to check the value if data-success-email-checkbox-label is coming or component is triggering  Email me offers, surveys, and special promotions. @ https://www.vons.com/etc.clientlibs/wcax-microapps/clientlib.angular_v2/clientlib-angular-home.min.93e8ce06d8a6a62290bbb6f1c8f3b756.js:0
[     281ms] [WARNING] [TEMP DO NOT DELETE] THis is to check the value if data-success-email-checkbox-label is coming or component is triggering  Email me offers, surveys, and special promotions. @ https://www.vons.com/etc.clientlibs/wcax-microapps/clientlib.angular_v2/clientlib-angular-home.min.93e8ce06d8a6a62290bbb6f1c8f3b756.js:0
[     418ms] [WARNING] == GLOBAL FLAG NOT ON OR NOT AUTHORIZED @ https://www.vons.com/etc.clientlibs/wcax-core/clientlibs/clientlib-unified-header/vons.min.f2ba65def567317fb1deea3b1c90d7c7.js:1
[     418ms] [WARNING] == AR FINAL FLAG IS SET false v2 @ https://www.vons.com/etc.clientlibs/wcax-core/clientlibs/clientlib-unified-header/vons.min.f2ba65def567317fb1deea3b1c90d7c7.js:1
[     418ms] [WARNING] == AR FINAL FLAG IS SET false DISPATCHED THE EVENT @ https://www.vons.com/etc.clientlibs/wcax-core/clientlibs/clientlib-unified-header/vons.min.f2ba65def567317fb1deea3b1c90d7c7.js:1
[     470ms] [WARNING] OptanonWrapper rendered from AEM @ https://www.vons.com/:102
[     474ms] [WARNING] iHeart pixel started 57dedd45-ff41-4499-bcc9-bb8efbf626e5 @ :1
[     474ms] [WARNING] iHeart  57dedd45-ff41-4499-bcc9-bb8efbf626e5 @ :1
[     491ms] [WARNING] Wine Shop Enabled @ https://www.vons.com/etc.clientlibs/wcax-core/clientlibs/clientlib-unified-onload.min.f9ea08c5ace33771345d4cabcd506a8c.js:31
[     643ms] [ERROR] Failed to load resource: the server responded with a status of 404 () @ https://ciam.albertsons.com/api/v1/sessions/me/lifecycle/refresh:0
[     644ms] [WARNING] AT: request failed Error: Network request failed
    at e.onerror (https://assets.adobedtm.com/launch-ENd8a7ca47a5e943c9915bbea04a4d1b05.min.js:7:1015) @ https://assets.adobedtm.com/launch-ENd8a7ca47a5e943c9915bbea04a4d1b05.min.js:5
[     645ms] [WARNING] [Target Error]:at-request-failed :  @ :86
[     645ms] [WARNING] AT: [page-init] View delivery error Error: Network request failed
    at e.onerror (https://assets.adobedtm.com/launch-ENd8a7ca47a5e943c9915bbea04a4d1b05.min.js:7:1015) @ https://assets.adobedtm.com/launch-ENd8a7ca47a5e943c9915bbea04a4d1b05.min.js:5
[     645ms] [ERROR] Failed to load resource: net::ERR_CERT_AUTHORITY_INVALID @ https://safewayinc.tt.omtrdc.net/rest/v1/delivery?client=safewayinc&sessionId=40be41a6128844fc8615ddb071ce4172&version=2.11.3:0
[     775ms] [WARNING] [Meta Pixel] - Removed parameters from custom data due to potential violations. Go to Events Manager to learn more. @ https://connect.facebook.net/en_US/fbevents.js:181
[     851ms] [ERROR] Refused to execute script from 'https://data.adxcel-ec2.com/pixel/?ad_log=referer&action=misc&pixid=57dedd45-ff41-4499-bcc9-bb8efbf626e5' because its MIME type ('image/gif') is not executable. @ https://www.vons.com/:0
[     900ms] [WARNING] ANGULAR - dynamically invoking targeted wrapper for targeted framework @ https://www.vons.com/etc.clientlibs/wcax-microapps/clientlib.angular_v2/clientlib-angular-home.min.93e8ce06d8a6a62290bbb6f1c8f3b756.js:0
[     954ms] [WARNING] ANGULAR - dynamically invoking targeted wrapper for targeted framework @ https://www.vons.com/etc.clientlibs/wcax-microapps/clientlib.angular_v2/clientlib-angular-home.min.93e8ce06d8a6a62290bbb6f1c8f3b756.js:0
[    1124ms] [ERROR] Attestation check for Shared Storage on https://www.googleadservices.com failed. @ https://www.googleadservices.com/pagead/managed/js/activeview/current/reach_worklet.html:0
[    1126ms] [ERROR] Attestation check for Shared Storage on https://www.googleadservices.com failed. @ https://www.googleadservices.com/pagead/managed/js/activeview/current/reach_worklet.html:0
[    1127ms] [ERROR] Attestation check for Shared Storage on https://www.googleadservices.com failed. @ https://www.googleadservices.com/pagead/managed/js/activeview/current/reach_worklet.html:0
[    1131ms] [WARNING] gamcontainer_48226 Sending window size to GAM iframe: 1280 @ https://www.vons.com/etc.clientlibs/wcax-core/clientlibs/clientlib-unified-header/vons.min.f2ba65def567317fb1deea3b1c90d7c7.js:0
[    1131ms] [WARNING] https://228e39e5adb25d414ca15d5f2535bff5.safeframe.googlesyndication.com/safeframe/1-0-45/html/container.html Posting message to iframe at origin: {windowSize: 1280} @ https://www.vons.com/etc.clientlibs/wcax-core/clientlibs/clientlib-unified-header/vons.min.f2ba65def567317fb1deea3b1c90d7c7.js:0
[    1133ms] [WARNING] gamcontainer_67674 Sending window size to GAM iframe: 1280 @ https://www.vons.com/etc.clientlibs/wcax-core/clientlibs/clientlib-unified-header/vons.min.f2ba65def567317fb1deea3b1c90d7c7.js:0
[    1133ms] [WARNING] https://228e39e5adb25d414ca15d5f2535bff5.safeframe.googlesyndication.com/safeframe/1-0-45/html/container.html Posting message to iframe at origin: {windowSize: 1280} @ https://www.vons.com/etc.clientlibs/wcax-core/clientlibs/clientlib-unified-header/vons.min.f2ba65def567317fb1deea3b1c90d7c7.js:0
[    1135ms] [WARNING] gamcontainer_50239 Sending window size to GAM iframe: 1280 @ https://www.vons.com/etc.clientlibs/wcax-core/clientlibs/clientlib-unified-header/vons.min.f2ba65def567317fb1deea3b1c90d7c7.js:0
[    1135ms] [WARNING] https://228e39e5adb25d414ca15d5f2535bff5.safeframe.googlesyndication.com/safeframe/1-0-45/html/container.html Posting message to iframe at origin: {windowSize: 1280} @ https://www.vons.com/etc.clientlibs/wcax-core/clientlibs/clientlib-unified-header/vons.min.f2ba65def567317fb1deea3b1c90d7c7.js:0
[    1146ms] [ERROR] Failed to load resource: net::ERR_CERT_AUTHORITY_INVALID @ https://stats.safeway.com/b/ss/sfsafewayprod1/10/JS-2.27.0-LGPQ/s98913543599426?AQB=1&ndh=1&pf=1&callback=s_c_il[1].doPostbacks&et=1&t=20%2F3%2F2026%208%3A34%3A48%201%20420&d.&nsid=0&jsonv=1&.d&sdid=0787500DAD5134D7-28FF098E50B46FF8&mid=38126133654965470790438646925794969051&aamlh=9&ce=UTF-8&pageName=vons%3Aloyalty%3Ahome&g=https%3A%2F%2Fwww.vons.com%2F&c.&p_fo=3.0&apl=4.0&inList=3.0&getTimeParting=6.3&pt=3.0&getQueryParam=4.0&getVisitNum=4.2.1&endOfDatePeriod=1.2&getPreviousValue=3.0.1&getNewRepeat=3.0.1&.c&h.&architecture=arm&bitness=64&platformVersion=26.3.1&.h&cc=USD&ch=home&server=www.vons.com&zip=92110&events=event7%2Cevent77%2Cevent200%2Cevent144%2Cevent120&aamb=6G1ynYcLPuiQxYZrsz_pkqfLG9yMXBpb2zX5dvJdYQJzPXImdj0y&c3=D%3Dv151&c4=New&v4=vons&v5=vons%3Aloyalty%3Ahome&c6=D%3Dv4&v6=no-value&v8=New&c9=177669928804384702864826318f76c-663a-4457-a685-6a2f3753dfd3&v9=92110&c10=intel-mac-os-x-10_15_7&v10=vons%3Adelivery%3Aaisles&v11=%2Fhome.html&v13=2053&v15=year%3D2026%20%7C%20month%3DApril%20%7C%20date%3D20%20%7C%20day%3DMonday%20%7C%20time%3D8%3A34%20AM&c16=D%3Dv16&v16=guest&c19=D%3Dv11&c20=no-value&c21=D%3Dv35&v23=home&v26=no-value&v27=no-value&v28=no-value&v29=no-value&c30=vons%3Adelivery%3Aaisles&v30=no-value&v33=no-value&v34=no-value&v35=instore&c42=unknown%20visit%20number&v46=id%20not%20found&v47=id%20not%20found&v48=no-value&v49=38126133654965470790438646925794969051&v50=0.972919724879052_1776699233670&c53=8213f42c-8a49-4993-890c-51fbe4de9efe&c54=bc2639bf-8fc9-416d-962c-c63249df5a7a&c56=id%20not%20found&c57=no-value&c58=D%3Dv152&c59=D%3Dv153&c60=D%3Dv154&c69=no-value&v90=web&v92=g&v98=no-value&v99=prod&v100=no-value&v101=no-value&v140=827438&v141=Target%20errors%20on%20pageLoad&v142=at-request-failed%20%3A%20%3B&v151=home&v152=no-value&v153=no-value&v154=no-value&v170=no-value&v171=no-value&v180=no-value&v184=all%20pages%3A%20pageLoaded&v219=no-bot-flag&v222=11111111&v230=0&s=1280x720&c=24&j=1.6&v=N&k=Y&bw=1280&bh=720&mcorgid=A7BF3BC75245ADF20A490D4D%40AdobeOrg&AQE=1:0
[    1124ms] [ERROR] Attestation check for Shared Storage on https://www.googleadservices.com failed. @ https://www.googleadservices.com/pagead/managed/js/activeview/current/reach_worklet.html:0
[    1126ms] [ERROR] Attestation check for Shared Storage on https://www.googleadservices.com failed. @ https://www.googleadservices.com/pagead/managed/js/activeview/current/reach_worklet.html:0
[    1127ms] [ERROR] Attestation check for Shared Storage on https://www.googleadservices.com failed. @ https://www.googleadservices.com/pagead/managed/js/activeview/current/reach_worklet.html:0
[    1208ms] [ERROR] Attestation check for Shared Storage on https://www.googleadservices.com failed. @ https://www.googleadservices.com/pagead/managed/js/activeview/current/reach_worklet.html:0
[    1212ms] [WARNING] gamcontainer_63893 Sending window size to GAM iframe: 1280 @ https://www.vons.com/etc.clientlibs/wcax-core/clientlibs/clientlib-unified-header/vons.min.f2ba65def567317fb1deea3b1c90d7c7.js:0
[    1212ms] [WARNING] https://228e39e5adb25d414ca15d5f2535bff5.safeframe.googlesyndication.com/safeframe/1-0-45/html/container.html Posting message to iframe at origin: {windowSize: 1280} @ https://www.vons.com/etc.clientlibs/wcax-core/clientlibs/clientlib-unified-header/vons.min.f2ba65def567317fb1deea3b1c90d7c7.js:0
[    1215ms] [WARNING] test order details @ https://assets.adobedtm.com/launch-ENd8a7ca47a5e943c9915bbea04a4d1b05.min.js:22
[    2710ms] [WARNING] Blue Triangle decision fallback: pageFlags not found, assuming allowed. @ :1
