[     102ms] [ERROR] Failed to load resource: net::ERR_TRUST_TOKEN_OPERATION_FAILED @ https://www.amazon.com/tt/i:0
[     452ms] [LOG] nothing to redirect @ https://www.vons.com/etc.clientlibs/wcax-core/clientlibs/clientlib-unified-onload.min.f9ea08c5ace33771345d4cabcd506a8c.js:187
[     494ms] [WARNING] --------- Target deps ran ------ @ :7
[     528ms] [WARNING] Wine Shop Enabled @ https://www.vons.com/etc.clientlibs/wcax-core/clientlibs/clientlib-unified-onload.min.f9ea08c5ace33771345d4cabcd506a8c.js:31
[     640ms] [WARNING] [TEMP DO NOT DELETE] THis is to check the value if data-success-email-checkbox-label is coming or component is triggering  Email me offers, surveys, and special promotions. @ https://www.vons.com/etc.clientlibs/wcax-microapps/clientlib.angular_v2/clientlib-angular-home.min.93e8ce06d8a6a62290bbb6f1c8f3b756.js:0
[     643ms] [WARNING] [TEMP DO NOT DELETE] THis is to check the value if data-success-email-checkbox-label is coming or component is triggering  Email me offers, surveys, and special promotions. @ https://www.vons.com/etc.clientlibs/wcax-microapps/clientlib.angular_v2/clientlib-angular-home.min.93e8ce06d8a6a62290bbb6f1c8f3b756.js:0
[    1089ms] [WARNING] AT: request failed Error: Network request failed
    at e.onerror (https://assets.adobedtm.com/launch-ENd8a7ca47a5e943c9915bbea04a4d1b05.min.js:7:1015) @ https://assets.adobedtm.com/launch-ENd8a7ca47a5e943c9915bbea04a4d1b05.min.js:5
[    1090ms] [WARNING] [Target Error]:at-request-failed :  @ :86
[    1090ms] [WARNING] AT: [page-init] View delivery error Error: Network request failed
    at e.onerror (https://assets.adobedtm.com/launch-ENd8a7ca47a5e943c9915bbea04a4d1b05.min.js:7:1015) @ https://assets.adobedtm.com/launch-ENd8a7ca47a5e943c9915bbea04a4d1b05.min.js:5
[    1090ms] [ERROR] Failed to load resource: net::ERR_CERT_AUTHORITY_INVALID @ https://safewayinc.tt.omtrdc.net/rest/v1/delivery?client=safewayinc&sessionId=68e946df07af4d3e90073881599a2335&version=2.11.3:0
[    1148ms] [WARNING] == GLOBAL FLAG NOT ON OR NOT AUTHORIZED @ https://www.vons.com/etc.clientlibs/wcax-core/clientlibs/clientlib-unified-header/vons.min.f2ba65def567317fb1deea3b1c90d7c7.js:1
[    1148ms] [WARNING] == AR FINAL FLAG IS SET false v2 @ https://www.vons.com/etc.clientlibs/wcax-core/clientlibs/clientlib-unified-header/vons.min.f2ba65def567317fb1deea3b1c90d7c7.js:1
[    1148ms] [WARNING] == AR FINAL FLAG IS SET false DISPATCHED THE EVENT @ https://www.vons.com/etc.clientlibs/wcax-core/clientlibs/clientlib-unified-header/vons.min.f2ba65def567317fb1deea3b1c90d7c7.js:1
[    1238ms] [ERROR] Failed to load resource: the server responded with a status of 404 () @ https://ciam.albertsons.com/api/v1/sessions/me/lifecycle/refresh:0
[    1271ms] [WARNING] OptanonWrapper rendered from AEM @ https://www.vons.com/:102
[    1274ms] [WARNING] iHeart pixel started 57dedd45-ff41-4499-bcc9-bb8efbf626e5 @ :1
[    1274ms] [WARNING] iHeart  57dedd45-ff41-4499-bcc9-bb8efbf626e5 @ :1
[    1490ms] [WARNING] [Meta Pixel] - Removed parameters from custom data due to potential violations. Go to Events Manager to learn more. @ https://connect.facebook.net/en_US/fbevents.js:181
[    1560ms] [WARNING] gamcontainer_44636 Sending window size to GAM iframe: 1280 @ https://www.vons.com/etc.clientlibs/wcax-core/clientlibs/clientlib-unified-header/vons.min.f2ba65def567317fb1deea3b1c90d7c7.js:0
[    1560ms] [WARNING] https://2046267f0e74278d7890aac6b03e4d8b.safeframe.googlesyndication.com/safeframe/1-0-45/html/container.html Posting message to iframe at origin: {windowSize: 1280} @ https://www.vons.com/etc.clientlibs/wcax-core/clientlibs/clientlib-unified-header/vons.min.f2ba65def567317fb1deea3b1c90d7c7.js:0
[    1567ms] [WARNING] gamcontainer_35160 Sending window size to GAM iframe: 1280 @ https://www.vons.com/etc.clientlibs/wcax-core/clientlibs/clientlib-unified-header/vons.min.f2ba65def567317fb1deea3b1c90d7c7.js:0
[    1567ms] [WARNING] https://2046267f0e74278d7890aac6b03e4d8b.safeframe.googlesyndication.com/safeframe/1-0-45/html/container.html Posting message to iframe at origin: {windowSize: 1280} @ https://www.vons.com/etc.clientlibs/wcax-core/clientlibs/clientlib-unified-header/vons.min.f2ba65def567317fb1deea3b1c90d7c7.js:0
[    1603ms] [WARNING] ANGULAR - dynamically invoking targeted wrapper for targeted framework @ https://www.vons.com/etc.clientlibs/wcax-microapps/clientlib.angular_v2/clientlib-angular-home.min.93e8ce06d8a6a62290bbb6f1c8f3b756.js:0
[    1611ms] [ERROR] Attestation check for Shared Storage on https://www.googleadservices.com failed. @ https://www.googleadservices.com/pagead/managed/js/activeview/current/reach_worklet.html:0
[    1614ms] [ERROR] Attestation check for Shared Storage on https://www.googleadservices.com failed. @ https://www.googleadservices.com/pagead/managed/js/activeview/current/reach_worklet.html:0
[    1615ms] [ERROR] Attestation check for Shared Storage on https://www.googleadservices.com failed. @ https://www.googleadservices.com/pagead/managed/js/activeview/current/reach_worklet.html:0
[    1616ms] [ERROR] Attestation check for Shared Storage on https://www.googleadservices.com failed. @ https://www.googleadservices.com/pagead/managed/js/activeview/current/reach_worklet.html:0
[    1657ms] [WARNING] ANGULAR - dynamically invoking targeted wrapper for targeted framework @ https://www.vons.com/etc.clientlibs/wcax-microapps/clientlib.angular_v2/clientlib-angular-home.min.93e8ce06d8a6a62290bbb6f1c8f3b756.js:0
[    1672ms] [WARNING] gamcontainer_15327 Sending window size to GAM iframe: 1280 @ https://www.vons.com/etc.clientlibs/wcax-core/clientlibs/clientlib-unified-header/vons.min.f2ba65def567317fb1deea3b1c90d7c7.js:0
[    1672ms] [WARNING] https://2046267f0e74278d7890aac6b03e4d8b.safeframe.googlesyndication.com/safeframe/1-0-45/html/container.html Posting message to iframe at origin: {windowSize: 1280} @ https://www.vons.com/etc.clientlibs/wcax-core/clientlibs/clientlib-unified-header/vons.min.f2ba65def567317fb1deea3b1c90d7c7.js:0
[    1675ms] [WARNING] gamcontainer_94793 Sending window size to GAM iframe: 1280 @ https://www.vons.com/etc.clientlibs/wcax-core/clientlibs/clientlib-unified-header/vons.min.f2ba65def567317fb1deea3b1c90d7c7.js:0
[    1675ms] [WARNING] https://2046267f0e74278d7890aac6b03e4d8b.safeframe.googlesyndication.com/safeframe/1-0-45/html/container.html Posting message to iframe at origin: {windowSize: 1280} @ https://www.vons.com/etc.clientlibs/wcax-core/clientlibs/clientlib-unified-header/vons.min.f2ba65def567317fb1deea3b1c90d7c7.js:0
[    1775ms] [ERROR] Refused to execute script from 'https://data.adxcel-ec2.com/pixel/?ad_log=referer&action=misc&pixid=57dedd45-ff41-4499-bcc9-bb8efbf626e5' because its MIME type ('image/gif') is not executable. @ https://www.vons.com/:0
[    1867ms] [ERROR] Failed to load resource: net::ERR_CERT_AUTHORITY_INVALID @ https://stats.safeway.com/b/ss/sfsafewayprod1/10/JS-2.27.0-LGPQ/s65669088480528?AQB=1&ndh=1&pf=1&callback=s_c_il[1].doPostbacks&et=1&t=18%2F3%2F2026%2017%3A3%3A21%206%20420&d.&nsid=0&jsonv=1&.d&sdid=4220ACCC2BD98469-21A9D2E104B00230&mid=38126133654965470790438646925794969051&aamlh=9&ce=UTF-8&pageName=vons%3Aloyalty%3Ahome&g=https%3A%2F%2Fwww.vons.com%2F&c.&p_fo=3.0&apl=4.0&inList=3.0&getTimeParting=6.3&pt=3.0&getQueryParam=4.0&getVisitNum=4.2.1&endOfDatePeriod=1.2&getPreviousValue=3.0.1&getNewRepeat=3.0.1&cm.&ssf=1&.cm&.c&h.&architecture=arm&bitness=64&platformVersion=26.3.1&.h&cc=USD&ch=home&server=www.vons.com&zip=92110&events=event7%2Cevent77%2Cevent200%2Cevent144%2Cevent120&aamb=6G1ynYcLPuiQxYZrsz_pkqfLG9yMXBpb2zX5dvJdYQJzPXImdj0y&c3=D%3Dv151&c4=New&v4=vons&v5=vons%3Aloyalty%3Ahome&c6=D%3Dv4&v6=no-value&v8=New&c9=177655700087267103890526f97ed77-65dc-4803-9630-c468b429d196&v9=92110&c10=intel-mac-os-x-10_15_7&v10=vons%3Aloyalty%3Ahome&v11=%2Fhome.html&v13=2053&v15=year%3D2026%20%7C%20month%3DApril%20%7C%20date%3D18%20%7C%20day%3DSaturday%20%7C%20time%3D5%3A03%20PM&c16=D%3Dv16&v16=guest&c19=D%3Dv11&c20=no-value&c21=D%3Dv35&v23=home&v26=no-value&v27=no-value&v28=no-value&v29=no-value&c30=vons%3Aloyalty%3Ahome&v30=no-value&v33=no-value&v34=no-value&v35=instore&c42=1&v46=id%20not%20found&v47=id%20not%20found&v48=no-value&v49=38126133654965470790438646925794969051&v50=0.2882139168594108_1776556962322&c53=id%20not%20found&c54=bc2639bf-8fc9-416d-962c-c63249df5a7a&c56=id%20not%20found&c57=no-value&c58=D%3Dv152&c59=D%3Dv153&c60=D%3Dv154&c69=no-value&v90=web&v92=g&v98=no-value&v99=prod&v100=no-value&v101=no-value&v140=827438&v141=Target%20errors%20on%20pageLoad&v142=at-request-failed%20%3A%20%3B&v151=home&v152=no-value&v153=no-value&v154=no-value&v170=no-value&v171=no-value&v180=no-value&v184=all%20pages%3A%20pageLoaded&v219=no-bot-flag&v222=11111111&v230=0&s=1280x720&c=24&j=1.6&v=N&k=Y&bw=1280&bh=720&mcorgid=A7BF3BC75245ADF20A490D4D%40AdobeOrg&AQE=1:0
[    1947ms] [WARNING] test order details @ https://assets.adobedtm.com/launch-ENd8a7ca47a5e943c9915bbea04a4d1b05.min.js:22
[    3343ms] [WARNING] Blue Triangle decision fallback: pageFlags not found, assuming allowed. @ :1
