[       6ms] TypeError: Cannot read properties of null (reading '0')
    at HTMLDivElement.<anonymous> (https://www.sprouts.com/wp-content/themes/sfm-theme-childtheme/dist/assets/js/app.js?ver=1776556926:255:41)
    at HTMLDivElement.dispatch (https://ajax.googleapis.com/ajax/libs/jquery/3.6.3/jquery.min.js?ver=1776556924:2:43336)
    at y.handle (https://ajax.googleapis.com/ajax/libs/jquery/3.6.3/jquery.min.js?ver=1776556924:2:41320)
    at Object.trigger (https://ajax.googleapis.com/ajax/libs/jquery/3.6.3/jquery.min.js?ver=1776556924:2:71942)
    at HTMLDivElement.<anonymous> (https://ajax.googleapis.com/ajax/libs/jquery/3.6.3/jquery.min.js?ver=1776556924:2:72537)
    at E.each (https://ajax.googleapis.com/ajax/libs/jquery/3.6.3/jquery.min.js?ver=1776556924:2:3003)
    at E.fn.init.each (https://ajax.googleapis.com/ajax/libs/jquery/3.6.3/jquery.min.js?ver=1776556924:2:1481)
    at E.fn.init.trigger (https://ajax.googleapis.com/ajax/libs/jquery/3.6.3/jquery.min.js?ver=1776556924:2:72513)
    at b.init (https://www.sprouts.com/wp-content/themes/sfm-theme-childtheme/dist/assets/js/slick.min.js?ver=1776556924:17:18834)
    at new c (https://www.sprouts.com/wp-content/themes/sfm-theme-childtheme/dist/assets/js/slick.min.js?ver=1776556924:17:2931)
[       6ms] [INFO] Loading the script 'https://www.sprouts.com/wp-includes/js/mediaelement/mediaelement-and-player.min.js?ver=1776556926' violates the following Content Security Policy directive: "script-src 'nonce-MlTDH4ru8asHIVz+jhBb3w==' 'strict-dynamic' https://www.googletagmanager.com/gtm/js https://www.googletagmanager.com/gtag/js https://securepubads.g.doubleclick.net/tag/js/gpt.js https://www.googletagservices.com https://ajax.googleapis.com https://dboktu48tbzl9.cloudfront.net https://a40.usablenet.com https://js-agent.newrelic.com https://www.googleadservices.com https://*.trustarc.com https://*.yahoo.com https://*.bazaarvoice.com https://aq.flippenterprise.net https://api.mapbox.com https://bat.bing.com https://cdn.attn.tv https://cdn.browsiprod.com https://connect.facebook.net https://cdn.noibu.com https://cdn.segment.com https://graph.facebook.com https://google-analytics.com https://googletagmanager.com https://js.facebook.com https://query.yahooapis.com https://r.bing.com https://static.addtoany.com https://ssl.google-analytics.com https://s.pinimg.com https://sprouts.usablenet.com https://s.yimg.com https://tagmanager.google.com https://*.unataops.com https://shop.sprouts.com https://www.google-analytics.com https://www.google.com https://www.gstatic.com https://cdn.woobox.com https://securepubads.g.doubleclick.net blob: https://www.recaptcha.net https://js.stripe.com". Note that 'script-src-elem' was not explicitly set, so 'script-src' is used as a fallback. The policy is report-only, so the violation has been logged but no further action has been taken. @ https://www.sprouts.com/:0
[       9ms] [INFO] Executing inline script violates the following Content Security Policy directive 'script-src 'nonce-MlTDH4ru8asHIVz+jhBb3w==' 'strict-dynamic' https://www.googletagmanager.com/gtm/js https://www.googletagmanager.com/gtag/js https://securepubads.g.doubleclick.net/tag/js/gpt.js https://www.googletagservices.com https://ajax.googleapis.com https://dboktu48tbzl9.cloudfront.net https://a40.usablenet.com https://js-agent.newrelic.com https://www.googleadservices.com https://*.trustarc.com https://*.yahoo.com https://*.bazaarvoice.com https://aq.flippenterprise.net https://api.mapbox.com https://bat.bing.com https://cdn.attn.tv https://cdn.browsiprod.com https://connect.facebook.net https://cdn.noibu.com https://cdn.segment.com https://graph.facebook.com https://google-analytics.com https://googletagmanager.com https://js.facebook.com https://query.yahooapis.com https://r.bing.com https://static.addtoany.com https://ssl.google-analytics.com https://s.pinimg.com https://sprouts.usablenet.com https://s.yimg.com https://tagmanager.google.com https://*.unataops.com https://shop.sprouts.com https://www.google-analytics.com https://www.google.com https://www.gstatic.com https://cdn.woobox.com https://securepubads.g.doubleclick.net blob: https://www.recaptcha.net https://js.stripe.com'. Either the 'unsafe-inline' keyword, a hash ('sha256-xKMK8U+rp3J4bz6as2l+dL7aJwwJqelxKfDVfb1vDkA='), or a nonce ('nonce-...') is required to enable inline execution. The policy is report-only, so the violation has been logged but no further action has been taken. @ https://www.sprouts.com/:3079
[      72ms] [ERROR] The Content Security Policy directive 'upgrade-insecure-requests' is ignored when delivered in a report-only policy. @ https://static.addtoany.com/menu/page.js?ver=1776556924:0
[    1369ms] [LOG] nothing to redirect @ https://www.vons.com/etc.clientlibs/wcax-core/clientlibs/clientlib-unified-onload.min.f9ea08c5ace33771345d4cabcd506a8c.js:187
[    1457ms] [WARNING] Wine Shop Enabled @ https://www.vons.com/etc.clientlibs/wcax-core/clientlibs/clientlib-unified-onload.min.f9ea08c5ace33771345d4cabcd506a8c.js:31
[    1476ms] [WARNING] --------- Target deps ran ------ @ :7
[    1876ms] [ERROR] Failed to load resource: the server responded with a status of 404 () @ https://ciam.albertsons.com/api/v1/sessions/me/lifecycle/refresh:0
[    1877ms] [WARNING] AT: request failed Error: Network request failed
    at e.onerror (https://assets.adobedtm.com/launch-ENd8a7ca47a5e943c9915bbea04a4d1b05.min.js:7:1015) @ https://assets.adobedtm.com/launch-ENd8a7ca47a5e943c9915bbea04a4d1b05.min.js:5
[    1877ms] [WARNING] [Target Error]:at-request-failed :  @ :86
[    1877ms] [WARNING] AT: [page-init] View delivery error Error: Network request failed
    at e.onerror (https://assets.adobedtm.com/launch-ENd8a7ca47a5e943c9915bbea04a4d1b05.min.js:7:1015) @ https://assets.adobedtm.com/launch-ENd8a7ca47a5e943c9915bbea04a4d1b05.min.js:5
[    1878ms] [ERROR] Failed to load resource: net::ERR_CERT_AUTHORITY_INVALID @ https://safewayinc.tt.omtrdc.net/rest/v1/delivery?client=safewayinc&sessionId=68e946df07af4d3e90073881599a2335&version=2.11.3:0
[    1949ms] [WARNING] +++++++++++++Deleting Targeting Cookies +++++++++++++++++ @ :1
[    1951ms] [WARNING] +++++++++++++Deleting Analytics Cookies +++++++++++++++++ @ :1
