[     197ms] [LOG] nothing to redirect @ https://www.vons.com/etc.clientlibs/wcax-core/clientlibs/clientlib-unified-onload.min.f9ea08c5ace33771345d4cabcd506a8c.js:187
[     356ms] [WARNING] Wine Shop Enabled @ https://www.vons.com/etc.clientlibs/wcax-core/clientlibs/clientlib-unified-onload.min.f9ea08c5ace33771345d4cabcd506a8c.js:31
[     386ms] [LOG] nothing to redirect @ https://www.vons.com/etc.clientlibs/wcax-core/clientlibs/clientlib-unified-onload.min.f9ea08c5ace33771345d4cabcd506a8c.js:187
[     429ms] [WARNING] --------- Target deps ran ------ @ :7
[     441ms] [WARNING] Wine Shop Enabled @ https://www.vons.com/etc.clientlibs/wcax-core/clientlibs/clientlib-unified-onload.min.f9ea08c5ace33771345d4cabcd506a8c.js:31
[     482ms] [WARNING] [TEMP DO NOT DELETE] THis is to check the value if data-success-email-checkbox-label is coming or component is triggering  Email me offers, surveys, and special promotions. @ https://www.vons.com/etc.clientlibs/wcax-microapps/clientlib.angular_v2/clientlib-angular-global.min.0978823129d09446ccdcea053be50ecf.js:0
[     484ms] [WARNING] [TEMP DO NOT DELETE] THis is to check the value if data-success-email-checkbox-label is coming or component is triggering  Email me offers, surveys, and special promotions. @ https://www.vons.com/etc.clientlibs/wcax-microapps/clientlib.angular_v2/clientlib-angular-global.min.0978823129d09446ccdcea053be50ecf.js:0
[     518ms] [WARNING] == GLOBAL FLAG NOT ON OR NOT AUTHORIZED @ https://www.vons.com/etc.clientlibs/wcax-core/clientlibs/clientlib-unified-header/vons.min.f2ba65def567317fb1deea3b1c90d7c7.js:1
[     519ms] [WARNING] == AR FINAL FLAG IS SET false v2 @ https://www.vons.com/etc.clientlibs/wcax-core/clientlibs/clientlib-unified-header/vons.min.f2ba65def567317fb1deea3b1c90d7c7.js:1
[     519ms] [WARNING] == AR FINAL FLAG IS SET false DISPATCHED THE EVENT @ https://www.vons.com/etc.clientlibs/wcax-core/clientlibs/clientlib-unified-header/vons.min.f2ba65def567317fb1deea3b1c90d7c7.js:1
[     607ms] [ERROR] Failed to load resource: the server responded with a status of 404 () @ https://ciam.albertsons.com/api/v1/sessions/me/lifecycle/refresh:0
[     607ms] [WARNING] AT: request failed Error: Network request failed
    at e.onerror (https://assets.adobedtm.com/launch-ENd8a7ca47a5e943c9915bbea04a4d1b05.min.js:7:1015) @ https://assets.adobedtm.com/launch-ENd8a7ca47a5e943c9915bbea04a4d1b05.min.js:5
[     607ms] [WARNING] [Target Error]:at-request-failed :  @ :86
[     608ms] [WARNING] AT: [page-init] View delivery error Error: Network request failed
    at e.onerror (https://assets.adobedtm.com/launch-ENd8a7ca47a5e943c9915bbea04a4d1b05.min.js:7:1015) @ https://assets.adobedtm.com/launch-ENd8a7ca47a5e943c9915bbea04a4d1b05.min.js:5
[     608ms] [ERROR] Failed to load resource: net::ERR_CERT_AUTHORITY_INVALID @ https://safewayinc.tt.omtrdc.net/rest/v1/delivery?client=safewayinc&sessionId=40be41a6128844fc8615ddb071ce4172&version=2.11.3:0
[     707ms] [WARNING] Datasource yldcQE is already initialized @ https://cdn.clinch.co/a_js/client_pixels/clq/script.min.js:0
[     827ms] [WARNING] [Meta Pixel] - Removed parameters from custom data due to potential violations. Go to Events Manager to learn more. @ https://connect.facebook.net/en_US/fbevents.js:181
[    1212ms] [WARNING] test order details @ https://assets.adobedtm.com/launch-ENd8a7ca47a5e943c9915bbea04a4d1b05.min.js:22
