[     372ms] [LOG] nothing to redirect @ https://www.vons.com/etc.clientlibs/wcax-core/clientlibs/clientlib-unified-onload.min.f9ea08c5ace33771345d4cabcd506a8c.js:187
[     419ms] [WARNING] [TEMP DO NOT DELETE] THis is to check the value if data-success-email-checkbox-label is coming or component is triggering  Email me offers, surveys, and special promotions. @ https://www.vons.com/etc.clientlibs/wcax-microapps/clientlib.angular_v2/clientlib-angular-global.min.0978823129d09446ccdcea053be50ecf.js:0
[     421ms] [WARNING] [TEMP DO NOT DELETE] THis is to check the value if data-success-email-checkbox-label is coming or component is triggering  Email me offers, surveys, and special promotions. @ https://www.vons.com/etc.clientlibs/wcax-microapps/clientlib.angular_v2/clientlib-angular-global.min.0978823129d09446ccdcea053be50ecf.js:0
[     425ms] [WARNING] ========> AB TESTING ====> target flag is not loaded @ https://www.vons.com/etc.clientlibs/wcax-microapps/clientlib.angular_v2/clientlib-angular-global.min.0978823129d09446ccdcea053be50ecf.js:0
[     444ms] [WARNING] --------- Target deps ran ------ @ :7
[     449ms] [ERROR] ERROR TypeError: Cannot read properties of undefined (reading 'length')
    at e.refreshCrossSell (https://www.vons.com/etc.clientlibs/wcax-microapps/clientlib.angular_v2/clientlib-angular-global.min.0978823129d09446ccdcea053be50ecf.js:1:4071146)
    at Object.next (https://www.vons.com/etc.clientlibs/wcax-microapps/clientlib.angular_v2/clientlib-angular-global.min.0978823129d09446ccdcea053be50ecf.js:1:4063394)
    at lt.next (https://www.vons.com/etc.clientlibs/wcax-microapps/clientlib.angular_v2/clientlib-angular-global.min.0978823129d09446ccdcea053be50ecf.js:1:238088)
    at ct._next (https://www.vons.com/etc.clientlibs/wcax-microapps/clientlib.angular_v2/clientlib-angular-global.min.0978823129d09446ccdcea053be50ecf.js:1:237771)
    at ct.next (https://www.vons.com/etc.clientlibs/wcax-microapps/clientlib.angular_v2/clientlib-angular-global.min.0978823129d09446ccdcea053be50ecf.js:1:237464)
    at Pt._subscribe (https://www.vons.com/etc.clientlibs/wcax-microapps/clientlib.angular_v2/clientlib-angular-global.min.0978823129d09446ccdcea053be50ecf.js:1:244573)
    at Pt._trySubscribe (https://www.vons.com/etc.clientlibs/wcax-microapps/clientlib.angular_v2/clientlib-angular-global.min.0978823129d09446ccdcea053be50ecf.js:1:239551)
    at Pt._trySubscribe (https://www.vons.com/etc.clientlibs/wcax-microapps/clientlib.angular_v2/clientlib-angular-global.min.0978823129d09446ccdcea053be50ecf.js:1:243422)
    at https://www.vons.com/etc.clientlibs/wcax-microapps/clientlib.angular_v2/clientlib-angular-global.min.0978823129d09446ccdcea053be50ecf.js:1:239495
    at rt (https://www.vons.com/etc.clientlibs/wcax-microapps/clientlib.angular_v2/clientlib-angular-global.min.0978823129d09446ccdcea053be50ecf.js:1:237214) @ https://www.vons.com/etc.clientlibs/wcax-microapps/clientlib.angular_v2/clientlib-angular-global.min.0978823129d09446ccdcea053be50ecf.js:0
[     450ms] [WARNING] Wine Shop Enabled @ https://www.vons.com/etc.clientlibs/wcax-core/clientlibs/clientlib-unified-onload.min.f9ea08c5ace33771345d4cabcd506a8c.js:31
[     490ms] [WARNING] == GLOBAL FLAG NOT ON OR NOT AUTHORIZED @ https://www.vons.com/etc.clientlibs/wcax-core/clientlibs/clientlib-unified-header/vons.min.f2ba65def567317fb1deea3b1c90d7c7.js:1
[     490ms] [WARNING] == AR FINAL FLAG IS SET false v2 @ https://www.vons.com/etc.clientlibs/wcax-core/clientlibs/clientlib-unified-header/vons.min.f2ba65def567317fb1deea3b1c90d7c7.js:1
[     491ms] [WARNING] == AR FINAL FLAG IS SET false DISPATCHED THE EVENT @ https://www.vons.com/etc.clientlibs/wcax-core/clientlibs/clientlib-unified-header/vons.min.f2ba65def567317fb1deea3b1c90d7c7.js:1
[     586ms] [WARNING] GAM Array: 1 @ https://www.vons.com/etc.clientlibs/wcax-core/clientlibs/clientlib-unified-header/vons.min.f2ba65def567317fb1deea3b1c90d7c7.js:4878
[     612ms] [WARNING] test order details @ https://assets.adobedtm.com/launch-ENd8a7ca47a5e943c9915bbea04a4d1b05.min.js:22
[     750ms] [ERROR] Failed to load resource: the server responded with a status of 404 () @ https://ciam.albertsons.com/api/v1/sessions/me/lifecycle/refresh:0
[     823ms] [WARNING] No placement beacons found for video ad @ https://www.vons.com/etc.clientlibs/wcax-microapps/clientlib.angular_v2/clientlib-angular-global.min.0978823129d09446ccdcea053be50ecf.js:0
[     824ms] [WARNING] No response found for video ad @ https://www.vons.com/etc.clientlibs/wcax-microapps/clientlib.angular_v2/clientlib-angular-global.min.0978823129d09446ccdcea053be50ecf.js:0
[     880ms] [WARNING] AT: request failed Error: Network request failed
    at e.onerror [as __zone_symbol__ON_PROPERTYerror] (https://assets.adobedtm.com/launch-ENd8a7ca47a5e943c9915bbea04a4d1b05.min.js:7:1015)
    at XMLHttpRequest.pt (https://www.vons.com/etc.clientlibs/wcax-microapps/clientlib.angular_v2/clientlib-angular-global.min.0978823129d09446ccdcea053be50ecf.js:2:16093)
    at i.invokeTask (https://www.vons.com/etc.clientlibs/wcax-microapps/clientlib.angular_v2/clientlib-angular-global.min.0978823129d09446ccdcea053be50ecf.js:2:40453)
    at e.runTask (https://www.vons.com/etc.clientlibs/wcax-microapps/clientlib.angular_v2/clientlib-angular-global.min.0978823129d09446ccdcea053be50ecf.js:2:35767)
    at a.invokeTask [as invoke] (https://www.vons.com/etc.clientlibs/wcax-microapps/clientlib.angular_v2/clientlib-angular-global.min.0978823129d09446ccdcea053be50ecf.js:2:41525)
    at h (https://www.vons.com/etc.clientlibs/wcax-microapps/clientlib.angular_v2/clientlib-angular-global.min.0978823129d09446ccdcea053be50ecf.js:2:19467)
    at p (https://www.vons.com/etc.clientlibs/wcax-microapps/clientlib.angular_v2/clientlib-angular-global.min.0978823129d09446ccdcea053be50ecf.js:2:19763)
    at XMLHttpRequest.d (https://www.vons.com/etc.clientlibs/wcax-microapps/clientlib.angular_v2/clientlib-angular-global.min.0978823129d09446ccdcea053be50ecf.js:2:20023) @ https://assets.adobedtm.com/launch-ENd8a7ca47a5e943c9915bbea04a4d1b05.min.js:5
[     881ms] [WARNING] [Target Error]:at-request-failed :  @ :86
[     881ms] [WARNING] ========> AB TESTING ====> AdobeTarget-Complete event listener called @ https://www.vons.com/etc.clientlibs/wcax-microapps/clientlib.angular_v2/clientlib-angular-global.min.0978823129d09446ccdcea053be50ecf.js:0
[     882ms] [WARNING] AT: [page-init] View delivery error Error: Network request failed
    at e.onerror [as __zone_symbol__ON_PROPERTYerror] (https://assets.adobedtm.com/launch-ENd8a7ca47a5e943c9915bbea04a4d1b05.min.js:7:1015)
    at XMLHttpRequest.pt (https://www.vons.com/etc.clientlibs/wcax-microapps/clientlib.angular_v2/clientlib-angular-global.min.0978823129d09446ccdcea053be50ecf.js:2:16093)
    at i.invokeTask (https://www.vons.com/etc.clientlibs/wcax-microapps/clientlib.angular_v2/clientlib-angular-global.min.0978823129d09446ccdcea053be50ecf.js:2:40453)
    at e.runTask (https://www.vons.com/etc.clientlibs/wcax-microapps/clientlib.angular_v2/clientlib-angular-global.min.0978823129d09446ccdcea053be50ecf.js:2:35767)
    at a.invokeTask [as invoke] (https://www.vons.com/etc.clientlibs/wcax-microapps/clientlib.angular_v2/clientlib-angular-global.min.0978823129d09446ccdcea053be50ecf.js:2:41525)
    at h (https://www.vons.com/etc.clientlibs/wcax-microapps/clientlib.angular_v2/clientlib-angular-global.min.0978823129d09446ccdcea053be50ecf.js:2:19467)
    at p (https://www.vons.com/etc.clientlibs/wcax-microapps/clientlib.angular_v2/clientlib-angular-global.min.0978823129d09446ccdcea053be50ecf.js:2:19763)
    at XMLHttpRequest.d (https://www.vons.com/etc.clientlibs/wcax-microapps/clientlib.angular_v2/clientlib-angular-global.min.0978823129d09446ccdcea053be50ecf.js:2:20023) @ https://assets.adobedtm.com/launch-ENd8a7ca47a5e943c9915bbea04a4d1b05.min.js:5
[     883ms] [ERROR] Failed to load resource: net::ERR_CERT_AUTHORITY_INVALID @ https://safewayinc.tt.omtrdc.net/rest/v1/delivery?client=safewayinc&sessionId=68e946df07af4d3e90073881599a2335&version=2.11.3:0
[    2605ms] [WARNING] Blue Triangle decision fallback: pageFlags not found, assuming allowed. @ :1
[    4007ms] [ERROR] Attestation check for Shared Storage on https://www.googleadservices.com failed. @ https://www.googleadservices.com/pagead/managed/js/activeview/current/reach_worklet.html:0
[    4009ms] [ERROR] Attestation check for Shared Storage on https://www.googleadservices.com failed. @ https://www.googleadservices.com/pagead/managed/js/activeview/current/reach_worklet.html:0
[   16743ms] [WARNING] Zoom Level:  100 @ https://www.vons.com/etc.clientlibs/wcax-core/clientlibs/clientlib-unified-header/vons.min.f2ba65def567317fb1deea3b1c90d7c7.js:1
